# JRE version: OpenJDK Runtime Environment (8.0_212-b04) (build 1.8.0_212-release-1586-b04)
# Java VM: OpenJDK 64-Bit Server VM (25.212-b04 mixed mode windows-amd64 compressed oops)
Heap:
 PSYoungGen      total 225280K, used 42360K [0x00000000e0000000, 0x00000000f1300000, 0x0000000100000000)
  eden space 180736K, 5% used [0x00000000e0000000,0x00000000e09d8b00,0x00000000eb080000)
  from space 44544K, 72% used [0x00000000eb080000,0x00000000ed0057e8,0x00000000edc00000)
  to   space 34304K, 0% used [0x00000000edc00000,0x00000000edc00000,0x00000000efd80000)
 ParOldGen       total 219648K, used 87618K [0x00000000a0000000, 0x00000000ad680000, 0x00000000e0000000)
  object space 219648K, 39% used [0x00000000a0000000,0x00000000a5590988,0x00000000ad680000)
 Metaspace       used 95785K, capacity 100692K, committed 101016K, reserved 1136640K
  class space    used 12601K, capacity 13598K, committed 13720K, reserved 1048576K
GC Heap History (10 events):
Event: 1017.272 GC heap before
{Heap before GC invocations=21 (full 3):
 PSYoungGen      total 200192K, used 89614K [0x00000000e0000000, 0x00000000ee080000, 0x0000000100000000)
  eden space 182784K, 39% used [0x00000000e0000000,0x00000000e46aabf8,0x00000000eb280000)
  from space 17408K, 99% used [0x00000000eb880000,0x00000000ec958e00,0x00000000ec980000)
  to   space 23552K, 0% used [0x00000000ec980000,0x00000000ec980000,0x00000000ee080000)
 ParOldGen       total 134656K, used 54236K [0x00000000a0000000, 0x00000000a8380000, 0x00000000e0000000)
  object space 134656K, 40% used [0x00000000a0000000,0x00000000a34f70b0,0x00000000a8380000)
 Metaspace       used 93252K, capacity 98480K, committed 98584K, reserved 1134592K
  class space    used 12457K, capacity 13498K, committed 13592K, reserved 1048576K
Event: 1017.289 GC heap after
Heap after GC invocations=21 (full 3):
 PSYoungGen      total 199168K, used 23540K [0x00000000e0000000, 0x00000000ee900000, 0x0000000100000000)
  eden space 175616K, 0% used [0x00000000e0000000,0x00000000e0000000,0x00000000eab80000)
  from space 23552K, 99% used [0x00000000ec980000,0x00000000ee07d290,0x00000000ee080000)
  to   space 30720K, 0% used [0x00000000eab80000,0x00000000eab80000,0x00000000ec980000)
 ParOldGen       total 134656K, used 63947K [0x00000000a0000000, 0x00000000a8380000, 0x00000000e0000000)
  object space 134656K, 47% used [0x00000000a0000000,0x00000000a3e72e90,0x00000000a8380000)
 Metaspace       used 93252K, capacity 98480K, committed 98584K, reserved 1134592K
  class space    used 12457K, capacity 13498K, committed 13592K, reserved 1048576K
}
Event: 1017.289 GC heap before
{Heap before GC invocations=22 (full 4):
 PSYoungGen      total 199168K, used 23540K [0x00000000e0000000, 0x00000000ee900000, 0x0000000100000000)
  eden space 175616K, 0% used [0x00000000e0000000,0x00000000e0000000,0x00000000eab80000)
  from space 23552K, 99% used [0x00000000ec980000,0x00000000ee07d290,0x00000000ee080000)
  to   space 30720K, 0% used [0x00000000eab80000,0x00000000eab80000,0x00000000ec980000)
 ParOldGen       total 134656K, used 63947K [0x00000000a0000000, 0x00000000a8380000, 0x00000000e0000000)
  object space 134656K, 47% used [0x00000000a0000000,0x00000000a3e72e90,0x00000000a8380000)
 Metaspace       used 93252K, capacity 98480K, committed 98584K, reserved 1134592K
  class space    used 12457K, capacity 13498K, committed 13592K, reserved 1048576K
Event: 1017.470 GC heap after
Heap after GC invocations=22 (full 4):
 PSYoungGen      total 199168K, used 0K [0x00000000e0000000, 0x00000000ee900000, 0x0000000100000000)
  eden space 175616K, 0% used [0x00000000e0000000,0x00000000e0000000,0x00000000eab80000)
  from space 23552K, 0% used [0x00000000ec980000,0x00000000ec980000,0x00000000ee080000)
  to   space 30720K, 0% used [0x00000000eab80000,0x00000000eab80000,0x00000000ec980000)
 ParOldGen       total 219648K, used 73954K [0x00000000a0000000, 0x00000000ad680000, 0x00000000e0000000)
  object space 219648K, 33% used [0x00000000a0000000,0x00000000a4838bb0,0x00000000ad680000)
 Metaspace       used 92874K, capacity 97380K, committed 98584K, reserved 1134592K
  class space    used 12335K, capacity 13282K, committed 13592K, reserved 1048576K
}
Event: 1402.089 GC heap before
{Heap before GC invocations=23 (full 4):
 PSYoungGen      total 199168K, used 175616K [0x00000000e0000000, 0x00000000ee900000, 0x0000000100000000)
  eden space 175616K, 100% used [0x00000000e0000000,0x00000000eab80000,0x00000000eab80000)
  from space 23552K, 0% used [0x00000000ec980000,0x00000000ec980000,0x00000000ee080000)
  to   space 30720K, 0% used [0x00000000eab80000,0x00000000eab80000,0x00000000ec980000)
 ParOldGen       total 219648K, used 73954K [0x00000000a0000000, 0x00000000ad680000, 0x00000000e0000000)
  object space 219648K, 33% used [0x00000000a0000000,0x00000000a4838bb0,0x00000000ad680000)
 Metaspace       used 94342K, capacity 99124K, committed 99736K, reserved 1134592K
  class space    used 12497K, capacity 13528K, committed 13720K, reserved 1048576K
Event: 1402.107 GC heap after
Heap after GC invocations=23 (full 4):
 PSYoungGen      total 206336K, used 28149K [0x00000000e0000000, 0x00000000efd80000, 0x0000000100000000)
  eden space 175616K, 0% used [0x00000000e0000000,0x00000000e0000000,0x00000000eab80000)
  from space 30720K, 91% used [0x00000000eab80000,0x00000000ec6fd768,0x00000000ec980000)
  to   space 34304K, 0% used [0x00000000edc00000,0x00000000edc00000,0x00000000efd80000)
 ParOldGen       total 219648K, used 73962K [0x00000000a0000000, 0x00000000ad680000, 0x00000000e0000000)
  object space 219648K, 33% used [0x00000000a0000000,0x00000000a483abb0,0x00000000ad680000)
 Metaspace       used 94342K, capacity 99124K, committed 99736K, reserved 1134592K
  class space    used 12497K, capacity 13528K, committed 13720K, reserved 1048576K
}
Event: 1407.372 GC heap before
{Heap before GC invocations=24 (full 4):
 PSYoungGen      total 206336K, used 203765K [0x00000000e0000000, 0x00000000efd80000, 0x0000000100000000)
  eden space 175616K, 100% used [0x00000000e0000000,0x00000000eab80000,0x00000000eab80000)
  from space 30720K, 91% used [0x00000000eab80000,0x00000000ec6fd768,0x00000000ec980000)
  to   space 34304K, 0% used [0x00000000edc00000,0x00000000edc00000,0x00000000efd80000)
 ParOldGen       total 219648K, used 73962K [0x00000000a0000000, 0x00000000ad680000, 0x00000000e0000000)
  object space 219648K, 33% used [0x00000000a0000000,0x00000000a483abb0,0x00000000ad680000)
 Metaspace       used 95563K, capacity 100456K, committed 101016K, reserved 1136640K
  class space    used 12586K, capacity 13570K, committed 13720K, reserved 1048576K
Event: 1407.401 GC heap after
Heap after GC invocations=24 (full 4):
 PSYoungGen      total 215040K, used 34278K [0x00000000e0000000, 0x00000000f1300000, 0x0000000100000000)
  eden space 180736K, 0% used [0x00000000e0000000,0x00000000e0000000,0x00000000eb080000)
  from space 34304K, 99% used [0x00000000edc00000,0x00000000efd79918,0x00000000efd80000)
  to   space 44544K, 0% used [0x00000000eb080000,0x00000000eb080000,0x00000000edc00000)
 ParOldGen       total 219648K, used 87610K [0x00000000a0000000, 0x00000000ad680000, 0x00000000e0000000)
  object space 219648K, 39% used [0x00000000a0000000,0x00000000a558e988,0x00000000ad680000)
 Metaspace       used 95563K, capacity 100456K, committed 101016K, reserved 1136640K
  class space    used 12586K, capacity 13570K, committed 13720K, reserved 1048576K
}
Event: 3756.808 GC heap before
{Heap before GC invocations=25 (full 4):
 PSYoungGen      total 215040K, used 215014K [0x00000000e0000000, 0x00000000f1300000, 0x0000000100000000)
  eden space 180736K, 100% used [0x00000000e0000000,0x00000000eb080000,0x00000000eb080000)
  from space 34304K, 99% used [0x00000000edc00000,0x00000000efd79918,0x00000000efd80000)
  to   space 44544K, 0% used [0x00000000eb080000,0x00000000eb080000,0x00000000edc00000)
 ParOldGen       total 219648K, used 87610K [0x00000000a0000000, 0x00000000ad680000, 0x00000000e0000000)
  object space 219648K, 39% used [0x00000000a0000000,0x00000000a558e988,0x00000000ad680000)
 Metaspace       used 95764K, capacity 100638K, committed 101016K, reserved 1136640K
  class space    used 12596K, capacity 13589K, committed 13720K, reserved 1048576K
Event: 3770.183 GC heap after
Heap after GC invocations=25 (full 4):
 PSYoungGen      total 225280K, used 32277K [0x00000000e0000000, 0x00000000f1300000, 0x0000000100000000)
  eden space 180736K, 0% used [0x00000000e0000000,0x00000000e0000000,0x00000000eb080000)
  from space 44544K, 72% used [0x00000000eb080000,0x00000000ed0057e8,0x00000000edc00000)
  to   space 34304K, 0% used [0x00000000edc00000,0x00000000edc00000,0x00000000efd80000)
 ParOldGen       total 219648K, used 87618K [0x00000000a0000000, 0x00000000ad680000, 0x00000000e0000000)
  object space 219648K, 39% used [0x00000000a0000000,0x00000000a5590988,0x00000000ad680000)
 Metaspace       used 95764K, capacity 100638K, committed 101016K, reserved 1136640K
  class space    used 12596K, capacity 13589K, committed 13720K, reserved 1048576K
}

